The system is: Linux - 2.6.18-194.el5 - i686
Compiling the C compiler identification source file "CMakeCCompilerId.c" succeeded.
Compiler: /usr/bin/cc 
Build flags: 
Id flags: 

The output was:
0


Compilation of the C compiler identification source "CMakeCCompilerId.c" produced "a.out"

The C compiler identification is GNU, found in "/mysoftware_backup/others/make_file/cmake/demo5/CMakeFiles/3.7.1/CompilerIdC/a.out"

Compiling the CXX compiler identification source file "CMakeCXXCompilerId.cpp" succeeded.
Compiler: /usr/bin/c++ 
Build flags: 
Id flags: 

The output was:
0


Compilation of the CXX compiler identification source "CMakeCXXCompilerId.cpp" produced "a.out"

The CXX compiler identification is GNU, found in "/mysoftware_backup/others/make_file/cmake/demo5/CMakeFiles/3.7.1/CompilerIdCXX/a.out"

Determining if the C compiler works passed with the following output:
Change Dir: /mysoftware_backup/others/make_file/cmake/demo5/CMakeFiles/CMakeTmp

Run Build Command:"/usr/bin/gmake" "cmTC_4fd7e/fast"
/usr/bin/gmake -f CMakeFiles/cmTC_4fd7e.dir/build.make CMakeFiles/cmTC_4fd7e.dir/build
gmake[1]: Entering directory `/mysoftware_backup/others/make_file/cmake/demo5/CMakeFiles/CMakeTmp'
Building C object CMakeFiles/cmTC_4fd7e.dir/testCCompiler.c.o
/usr/bin/cc     -o CMakeFiles/cmTC_4fd7e.dir/testCCompiler.c.o   -c /mysoftware_backup/others/make_file/cmake/demo5/CMakeFiles/CMakeTmp/testCCompiler.c
Linking C executable cmTC_4fd7e
/usr/local/bin/cmake -E cmake_link_script CMakeFiles/cmTC_4fd7e.dir/link.txt --verbose=1
/usr/bin/cc       CMakeFiles/cmTC_4fd7e.dir/testCCompiler.c.o  -o cmTC_4fd7e -rdynamic 
gmake[1]: Leaving directory `/mysoftware_backup/others/make_file/cmake/demo5/CMakeFiles/CMakeTmp'


Detecting C compiler ABI info compiled with the following output:
Change Dir: /mysoftware_backup/others/make_file/cmake/demo5/CMakeFiles/CMakeTmp

Run Build Command:"/usr/bin/gmake" "cmTC_238a3/fast"
/usr/bin/gmake -f CMakeFiles/cmTC_238a3.dir/build.make CMakeFiles/cmTC_238a3.dir/build
gmake[1]: Entering directory `/mysoftware_backup/others/make_file/cmake/demo5/CMakeFiles/CMakeTmp'
Building C object CMakeFiles/cmTC_238a3.dir/CMakeCCompilerABI.c.o
/usr/bin/cc     -o CMakeFiles/cmTC_238a3.dir/CMakeCCompilerABI.c.o   -c /usr/local/share/cmake-3.7/Modules/CMakeCCompilerABI.c
Linking C executable cmTC_238a3
/usr/local/bin/cmake -E cmake_link_script CMakeFiles/cmTC_238a3.dir/link.txt --verbose=1
/usr/bin/cc      -v CMakeFiles/cmTC_238a3.dir/CMakeCCompilerABI.c.o  -o cmTC_238a3 -rdynamic  
使用内建 specs。
目标：i386-redhat-linux
配置为：../configure --prefix=/usr --mandir=/usr/share/man --infodir=/usr/share/info --enable-shared --enable-threads=posix --enable-checking=release --with-system-zlib --enable-__cxa_atexit --disable-libunwind-exceptions --enable-libgcj-multifile --enable-languages=c,c++,objc,obj-c++,java,fortran,ada --enable-java-awt=gtk --disable-dssi --disable-plugin --with-java-home=/usr/lib/jvm/java-1.4.2-gcj-1.4.2.0/jre --with-cpu=generic --host=i386-redhat-linux
线程模型：posix
gcc 版本 4.1.2 20080704 (Red Hat 4.1.2-55)
 /usr/libexec/gcc/i386-redhat-linux/4.1.2/collect2 --eh-frame-hdr -m elf_i386 --hash-style=gnu -export-dynamic -dynamic-linker /lib/ld-linux.so.2 -o cmTC_238a3 /usr/lib/gcc/i386-redhat-linux/4.1.2/../../../crt1.o /usr/lib/gcc/i386-redhat-linux/4.1.2/../../../crti.o /usr/lib/gcc/i386-redhat-linux/4.1.2/crtbegin.o -L/usr/lib/gcc/i386-redhat-linux/4.1.2 -L/usr/lib/gcc/i386-redhat-linux/4.1.2 -L/usr/lib/gcc/i386-redhat-linux/4.1.2/../../.. CMakeFiles/cmTC_238a3.dir/CMakeCCompilerABI.c.o -lgcc --as-needed -lgcc_s --no-as-needed -lc -lgcc --as-needed -lgcc_s --no-as-needed /usr/lib/gcc/i386-redhat-linux/4.1.2/crtend.o /usr/lib/gcc/i386-redhat-linux/4.1.2/../../../crtn.o
gmake[1]: Leaving directory `/mysoftware_backup/others/make_file/cmake/demo5/CMakeFiles/CMakeTmp'


Parsed C implicit link information from above output:
  link line regex: [^( *|.*[/\])(ld|([^/\]+-)?ld|collect2)[^/\]*( |$)]
  ignore line: [Change Dir: /mysoftware_backup/others/make_file/cmake/demo5/CMakeFiles/CMakeTmp]
  ignore line: []
  ignore line: [Run Build Command:"/usr/bin/gmake" "cmTC_238a3/fast"]
  ignore line: [/usr/bin/gmake -f CMakeFiles/cmTC_238a3.dir/build.make CMakeFiles/cmTC_238a3.dir/build]
  ignore line: [gmake[1]: Entering directory `/mysoftware_backup/others/make_file/cmake/demo5/CMakeFiles/CMakeTmp']
  ignore line: [Building C object CMakeFiles/cmTC_238a3.dir/CMakeCCompilerABI.c.o]
  ignore line: [/usr/bin/cc     -o CMakeFiles/cmTC_238a3.dir/CMakeCCompilerABI.c.o   -c /usr/local/share/cmake-3.7/Modules/CMakeCCompilerABI.c]
  ignore line: [Linking C executable cmTC_238a3]
  ignore line: [/usr/local/bin/cmake -E cmake_link_script CMakeFiles/cmTC_238a3.dir/link.txt --verbose=1]
  ignore line: [/usr/bin/cc      -v CMakeFiles/cmTC_238a3.dir/CMakeCCompilerABI.c.o  -o cmTC_238a3 -rdynamic  ]
  ignore line: [使用内建 specs。]
  ignore line: [目标：i386-redhat-linux]
  ignore line: [配置为：../configure --prefix=/usr --mandir=/usr/share/man --infodir=/usr/share/info --enable-shared --enable-threads=posix --enable-checking=release --with-system-zlib --enable-__cxa_atexit --disable-libunwind-exceptions --enable-libgcj-multifile --enable-languages=c,c++,objc,obj-c++,java,fortran,ada --enable-java-awt=gtk --disable-dssi --disable-plugin --with-java-home=/usr/lib/jvm/java-1.4.2-gcj-1.4.2.0/jre --with-cpu=generic --host=i386-redhat-linux]
  ignore line: [线程模型：posix]
  ignore line: [gcc 版本 4.1.2 20080704 (Red Hat 4.1.2-55)]
  link line: [ /usr/libexec/gcc/i386-redhat-linux/4.1.2/collect2 --eh-frame-hdr -m elf_i386 --hash-style=gnu -export-dynamic -dynamic-linker /lib/ld-linux.so.2 -o cmTC_238a3 /usr/lib/gcc/i386-redhat-linux/4.1.2/../../../crt1.o /usr/lib/gcc/i386-redhat-linux/4.1.2/../../../crti.o /usr/lib/gcc/i386-redhat-linux/4.1.2/crtbegin.o -L/usr/lib/gcc/i386-redhat-linux/4.1.2 -L/usr/lib/gcc/i386-redhat-linux/4.1.2 -L/usr/lib/gcc/i386-redhat-linux/4.1.2/../../.. CMakeFiles/cmTC_238a3.dir/CMakeCCompilerABI.c.o -lgcc --as-needed -lgcc_s --no-as-needed -lc -lgcc --as-needed -lgcc_s --no-as-needed /usr/lib/gcc/i386-redhat-linux/4.1.2/crtend.o /usr/lib/gcc/i386-redhat-linux/4.1.2/../../../crtn.o]
    arg [/usr/libexec/gcc/i386-redhat-linux/4.1.2/collect2] ==> ignore
    arg [--eh-frame-hdr] ==> ignore
    arg [-m] ==> ignore
    arg [elf_i386] ==> ignore
    arg [--hash-style=gnu] ==> ignore
    arg [-export-dynamic] ==> ignore
    arg [-dynamic-linker] ==> ignore
    arg [/lib/ld-linux.so.2] ==> ignore
    arg [-o] ==> ignore
    arg [cmTC_238a3] ==> ignore
    arg [/usr/lib/gcc/i386-redhat-linux/4.1.2/../../../crt1.o] ==> ignore
    arg [/usr/lib/gcc/i386-redhat-linux/4.1.2/../../../crti.o] ==> ignore
    arg [/usr/lib/gcc/i386-redhat-linux/4.1.2/crtbegin.o] ==> ignore
    arg [-L/usr/lib/gcc/i386-redhat-linux/4.1.2] ==> dir [/usr/lib/gcc/i386-redhat-linux/4.1.2]
    arg [-L/usr/lib/gcc/i386-redhat-linux/4.1.2] ==> dir [/usr/lib/gcc/i386-redhat-linux/4.1.2]
    arg [-L/usr/lib/gcc/i386-redhat-linux/4.1.2/../../..] ==> dir [/usr/lib/gcc/i386-redhat-linux/4.1.2/../../..]
    arg [CMakeFiles/cmTC_238a3.dir/CMakeCCompilerABI.c.o] ==> ignore
    arg [-lgcc] ==> lib [gcc]
    arg [--as-needed] ==> ignore
    arg [-lgcc_s] ==> lib [gcc_s]
    arg [--no-as-needed] ==> ignore
    arg [-lc] ==> lib [c]
    arg [-lgcc] ==> lib [gcc]
    arg [--as-needed] ==> ignore
    arg [-lgcc_s] ==> lib [gcc_s]
    arg [--no-as-needed] ==> ignore
    arg [/usr/lib/gcc/i386-redhat-linux/4.1.2/crtend.o] ==> ignore
    arg [/usr/lib/gcc/i386-redhat-linux/4.1.2/../../../crtn.o] ==> ignore
  remove lib [gcc]
  remove lib [gcc_s]
  remove lib [gcc]
  remove lib [gcc_s]
  collapse library dir [/usr/lib/gcc/i386-redhat-linux/4.1.2] ==> [/usr/lib/gcc/i386-redhat-linux/4.1.2]
  collapse library dir [/usr/lib/gcc/i386-redhat-linux/4.1.2] ==> [/usr/lib/gcc/i386-redhat-linux/4.1.2]
  collapse library dir [/usr/lib/gcc/i386-redhat-linux/4.1.2/../../..] ==> [/usr/lib]
  implicit libs: [c]
  implicit dirs: [/usr/lib/gcc/i386-redhat-linux/4.1.2;/usr/lib]
  implicit fwks: []


Determining if the CXX compiler works passed with the following output:
Change Dir: /mysoftware_backup/others/make_file/cmake/demo5/CMakeFiles/CMakeTmp

Run Build Command:"/usr/bin/gmake" "cmTC_49e68/fast"
/usr/bin/gmake -f CMakeFiles/cmTC_49e68.dir/build.make CMakeFiles/cmTC_49e68.dir/build
gmake[1]: Entering directory `/mysoftware_backup/others/make_file/cmake/demo5/CMakeFiles/CMakeTmp'
Building CXX object CMakeFiles/cmTC_49e68.dir/testCXXCompiler.cxx.o
/usr/bin/c++      -o CMakeFiles/cmTC_49e68.dir/testCXXCompiler.cxx.o -c /mysoftware_backup/others/make_file/cmake/demo5/CMakeFiles/CMakeTmp/testCXXCompiler.cxx
Linking CXX executable cmTC_49e68
/usr/local/bin/cmake -E cmake_link_script CMakeFiles/cmTC_49e68.dir/link.txt --verbose=1
/usr/bin/c++        CMakeFiles/cmTC_49e68.dir/testCXXCompiler.cxx.o  -o cmTC_49e68 -rdynamic 
gmake[1]: Leaving directory `/mysoftware_backup/others/make_file/cmake/demo5/CMakeFiles/CMakeTmp'


Detecting CXX compiler ABI info compiled with the following output:
Change Dir: /mysoftware_backup/others/make_file/cmake/demo5/CMakeFiles/CMakeTmp

Run Build Command:"/usr/bin/gmake" "cmTC_f4838/fast"
/usr/bin/gmake -f CMakeFiles/cmTC_f4838.dir/build.make CMakeFiles/cmTC_f4838.dir/build
gmake[1]: Entering directory `/mysoftware_backup/others/make_file/cmake/demo5/CMakeFiles/CMakeTmp'
Building CXX object CMakeFiles/cmTC_f4838.dir/CMakeCXXCompilerABI.cpp.o
/usr/bin/c++      -o CMakeFiles/cmTC_f4838.dir/CMakeCXXCompilerABI.cpp.o -c /usr/local/share/cmake-3.7/Modules/CMakeCXXCompilerABI.cpp
Linking CXX executable cmTC_f4838
/usr/local/bin/cmake -E cmake_link_script CMakeFiles/cmTC_f4838.dir/link.txt --verbose=1
/usr/bin/c++       -v CMakeFiles/cmTC_f4838.dir/CMakeCXXCompilerABI.cpp.o  -o cmTC_f4838 -rdynamic  
使用内建 specs。
目标：i386-redhat-linux
配置为：../configure --prefix=/usr --mandir=/usr/share/man --infodir=/usr/share/info --enable-shared --enable-threads=posix --enable-checking=release --with-system-zlib --enable-__cxa_atexit --disable-libunwind-exceptions --enable-libgcj-multifile --enable-languages=c,c++,objc,obj-c++,java,fortran,ada --enable-java-awt=gtk --disable-dssi --disable-plugin --with-java-home=/usr/lib/jvm/java-1.4.2-gcj-1.4.2.0/jre --with-cpu=generic --host=i386-redhat-linux
线程模型：posix
gcc 版本 4.1.2 20080704 (Red Hat 4.1.2-55)
 /usr/libexec/gcc/i386-redhat-linux/4.1.2/collect2 --eh-frame-hdr -m elf_i386 --hash-style=gnu -export-dynamic -dynamic-linker /lib/ld-linux.so.2 -o cmTC_f4838 /usr/lib/gcc/i386-redhat-linux/4.1.2/../../../crt1.o /usr/lib/gcc/i386-redhat-linux/4.1.2/../../../crti.o /usr/lib/gcc/i386-redhat-linux/4.1.2/crtbegin.o -L/usr/lib/gcc/i386-redhat-linux/4.1.2 -L/usr/lib/gcc/i386-redhat-linux/4.1.2 -L/usr/lib/gcc/i386-redhat-linux/4.1.2/../../.. CMakeFiles/cmTC_f4838.dir/CMakeCXXCompilerABI.cpp.o -lstdc++ -lm -lgcc_s -lgcc -lc -lgcc_s -lgcc /usr/lib/gcc/i386-redhat-linux/4.1.2/crtend.o /usr/lib/gcc/i386-redhat-linux/4.1.2/../../../crtn.o
gmake[1]: Leaving directory `/mysoftware_backup/others/make_file/cmake/demo5/CMakeFiles/CMakeTmp'


Parsed CXX implicit link information from above output:
  link line regex: [^( *|.*[/\])(ld|([^/\]+-)?ld|collect2)[^/\]*( |$)]
  ignore line: [Change Dir: /mysoftware_backup/others/make_file/cmake/demo5/CMakeFiles/CMakeTmp]
  ignore line: []
  ignore line: [Run Build Command:"/usr/bin/gmake" "cmTC_f4838/fast"]
  ignore line: [/usr/bin/gmake -f CMakeFiles/cmTC_f4838.dir/build.make CMakeFiles/cmTC_f4838.dir/build]
  ignore line: [gmake[1]: Entering directory `/mysoftware_backup/others/make_file/cmake/demo5/CMakeFiles/CMakeTmp']
  ignore line: [Building CXX object CMakeFiles/cmTC_f4838.dir/CMakeCXXCompilerABI.cpp.o]
  ignore line: [/usr/bin/c++      -o CMakeFiles/cmTC_f4838.dir/CMakeCXXCompilerABI.cpp.o -c /usr/local/share/cmake-3.7/Modules/CMakeCXXCompilerABI.cpp]
  ignore line: [Linking CXX executable cmTC_f4838]
  ignore line: [/usr/local/bin/cmake -E cmake_link_script CMakeFiles/cmTC_f4838.dir/link.txt --verbose=1]
  ignore line: [/usr/bin/c++       -v CMakeFiles/cmTC_f4838.dir/CMakeCXXCompilerABI.cpp.o  -o cmTC_f4838 -rdynamic  ]
  ignore line: [使用内建 specs。]
  ignore line: [目标：i386-redhat-linux]
  ignore line: [配置为：../configure --prefix=/usr --mandir=/usr/share/man --infodir=/usr/share/info --enable-shared --enable-threads=posix --enable-checking=release --with-system-zlib --enable-__cxa_atexit --disable-libunwind-exceptions --enable-libgcj-multifile --enable-languages=c,c++,objc,obj-c++,java,fortran,ada --enable-java-awt=gtk --disable-dssi --disable-plugin --with-java-home=/usr/lib/jvm/java-1.4.2-gcj-1.4.2.0/jre --with-cpu=generic --host=i386-redhat-linux]
  ignore line: [线程模型：posix]
  ignore line: [gcc 版本 4.1.2 20080704 (Red Hat 4.1.2-55)]
  link line: [ /usr/libexec/gcc/i386-redhat-linux/4.1.2/collect2 --eh-frame-hdr -m elf_i386 --hash-style=gnu -export-dynamic -dynamic-linker /lib/ld-linux.so.2 -o cmTC_f4838 /usr/lib/gcc/i386-redhat-linux/4.1.2/../../../crt1.o /usr/lib/gcc/i386-redhat-linux/4.1.2/../../../crti.o /usr/lib/gcc/i386-redhat-linux/4.1.2/crtbegin.o -L/usr/lib/gcc/i386-redhat-linux/4.1.2 -L/usr/lib/gcc/i386-redhat-linux/4.1.2 -L/usr/lib/gcc/i386-redhat-linux/4.1.2/../../.. CMakeFiles/cmTC_f4838.dir/CMakeCXXCompilerABI.cpp.o -lstdc++ -lm -lgcc_s -lgcc -lc -lgcc_s -lgcc /usr/lib/gcc/i386-redhat-linux/4.1.2/crtend.o /usr/lib/gcc/i386-redhat-linux/4.1.2/../../../crtn.o]
    arg [/usr/libexec/gcc/i386-redhat-linux/4.1.2/collect2] ==> ignore
    arg [--eh-frame-hdr] ==> ignore
    arg [-m] ==> ignore
    arg [elf_i386] ==> ignore
    arg [--hash-style=gnu] ==> ignore
    arg [-export-dynamic] ==> ignore
    arg [-dynamic-linker] ==> ignore
    arg [/lib/ld-linux.so.2] ==> ignore
    arg [-o] ==> ignore
    arg [cmTC_f4838] ==> ignore
    arg [/usr/lib/gcc/i386-redhat-linux/4.1.2/../../../crt1.o] ==> ignore
    arg [/usr/lib/gcc/i386-redhat-linux/4.1.2/../../../crti.o] ==> ignore
    arg [/usr/lib/gcc/i386-redhat-linux/4.1.2/crtbegin.o] ==> ignore
    arg [-L/usr/lib/gcc/i386-redhat-linux/4.1.2] ==> dir [/usr/lib/gcc/i386-redhat-linux/4.1.2]
    arg [-L/usr/lib/gcc/i386-redhat-linux/4.1.2] ==> dir [/usr/lib/gcc/i386-redhat-linux/4.1.2]
    arg [-L/usr/lib/gcc/i386-redhat-linux/4.1.2/../../..] ==> dir [/usr/lib/gcc/i386-redhat-linux/4.1.2/../../..]
    arg [CMakeFiles/cmTC_f4838.dir/CMakeCXXCompilerABI.cpp.o] ==> ignore
    arg [-lstdc++] ==> lib [stdc++]
    arg [-lm] ==> lib [m]
    arg [-lgcc_s] ==> lib [gcc_s]
    arg [-lgcc] ==> lib [gcc]
    arg [-lc] ==> lib [c]
    arg [-lgcc_s] ==> lib [gcc_s]
    arg [-lgcc] ==> lib [gcc]
    arg [/usr/lib/gcc/i386-redhat-linux/4.1.2/crtend.o] ==> ignore
    arg [/usr/lib/gcc/i386-redhat-linux/4.1.2/../../../crtn.o] ==> ignore
  remove lib [gcc_s]
  remove lib [gcc]
  remove lib [gcc_s]
  remove lib [gcc]
  collapse library dir [/usr/lib/gcc/i386-redhat-linux/4.1.2] ==> [/usr/lib/gcc/i386-redhat-linux/4.1.2]
  collapse library dir [/usr/lib/gcc/i386-redhat-linux/4.1.2] ==> [/usr/lib/gcc/i386-redhat-linux/4.1.2]
  collapse library dir [/usr/lib/gcc/i386-redhat-linux/4.1.2/../../..] ==> [/usr/lib]
  implicit libs: [stdc++;m;c]
  implicit dirs: [/usr/lib/gcc/i386-redhat-linux/4.1.2;/usr/lib]
  implicit fwks: []


