This file contains any messages produced by compilers while
running configure, to aid debugging if configure makes a mistake.

It was created by cmockery2 configure 1.3.9, which was
generated by GNU Autoconf 2.68.  Invocation command line was

  $ ./configure 

## --------- ##
## Platform. ##
## --------- ##

hostname = localhost.localdomain
uname -m = i686
uname -r = 2.6.18-194.el5
uname -s = Linux
uname -v = #1 SMP Fri Apr 2 14:58:35 EDT 2010

/usr/bin/uname -p = unknown
/bin/uname -X     = unknown

/bin/arch              = i686
/usr/bin/arch -k       = unknown
/usr/convex/getsysinfo = unknown
/usr/bin/hostinfo      = unknown
/bin/machine           = unknown
/usr/bin/oslevel       = unknown
/bin/universe          = unknown

PATH: /home/dengjs/dowork/qt-everywhere-opensource-src-4.7.3/qt/bin
PATH: /usr/kerberos/sbin
PATH: /usr/kerberos/bin
PATH: /usr/local/arm/arm-2011.03/bin
PATH: /usr/local/sbin
PATH: /usr/local/bin
PATH: /sbin
PATH: /bin
PATH: /usr/sbin
PATH: /usr/bin
PATH: /usr/X11R6/bin
PATH: /opt/i686-arago-linux/usr/bin/
PATH: /root/bin


## ----------- ##
## Core tests. ##
## ----------- ##

configure:2644: checking for a BSD-compatible install
configure:2712: result: /usr/bin/install -c
configure:2723: checking whether build environment is sane
configure:2760: result: yes
configure:2822: checking for gawk
configure:2838: found /bin/gawk
configure:2849: result: gawk
configure:2860: checking whether make sets $(MAKE)
configure:2882: result: yes
configure:3072: checking for style of include used by make
configure:3100: result: GNU
configure:3173: checking for gcc
configure:3189: found /usr/local/bin/gcc
configure:3200: result: gcc
configure:3429: checking for C compiler version
configure:3438: gcc --version >&5
gcc (GCC) 4.8.2
Copyright (C) 2013 Free Software Foundation, Inc.
This is free software; see the source for copying conditions.  There is NO
warranty; not even for MERCHANTABILITY or FITNESS FOR A PARTICULAR PURPOSE.

configure:3449: $? = 0
configure:3438: gcc -v >&5
Using built-in specs.
COLLECT_GCC=gcc
COLLECT_LTO_WRAPPER=/usr/local/libexec/gcc/i686-pc-linux-gnu/4.8.2/lto-wrapper
Target: i686-pc-linux-gnu
Configured with: ../configure -enable-checking=release -enable-languages=c,c++ -disable-multilib
Thread model: posix
gcc version 4.8.2 (GCC) 
configure:3449: $? = 0
configure:3438: gcc -V >&5
gcc: error: unrecognized command line option '-V'
gcc: fatal error: no input files
compilation terminated.
configure:3449: $? = 1
configure:3438: gcc -qversion >&5
gcc: error: unrecognized command line option '-qversion'
gcc: fatal error: no input files
compilation terminated.
configure:3449: $? = 1
configure:3469: checking whether the C compiler works
configure:3491: gcc    conftest.c  >&5
configure:3495: $? = 0
configure:3543: result: yes
configure:3546: checking for C compiler default output file name
configure:3548: result: a.out
configure:3554: checking for suffix of executables
configure:3561: gcc -o conftest    conftest.c  >&5
configure:3565: $? = 0
configure:3587: result: 
configure:3609: checking whether we are cross compiling
configure:3617: gcc -o conftest    conftest.c  >&5
configure:3621: $? = 0
configure:3628: ./conftest
configure:3632: $? = 0
configure:3647: result: no
configure:3652: checking for suffix of object files
configure:3674: gcc -c   conftest.c >&5
configure:3678: $? = 0
configure:3699: result: o
configure:3703: checking whether we are using the GNU C compiler
configure:3722: gcc -c   conftest.c >&5
configure:3722: $? = 0
configure:3731: result: yes
configure:3740: checking whether gcc accepts -g
configure:3760: gcc -c -g  conftest.c >&5
configure:3760: $? = 0
configure:3801: result: yes
configure:3818: checking for gcc option to accept ISO C89
configure:3882: gcc  -c -g -O2  conftest.c >&5
configure:3882: $? = 0
configure:3895: result: none needed
configure:3917: checking dependency style of gcc
configure:4007: result: gcc3
configure:4030: checking how to run the C preprocessor
configure:4061: gcc -E  conftest.c
configure:4061: $? = 0
configure:4075: gcc -E  conftest.c
conftest.c:11:28: fatal error: ac_nonexistent.h: No such file or directory
 #include <ac_nonexistent.h>
                            ^
compilation terminated.
configure:4075: $? = 1
configure: failed program was:
| /* confdefs.h */
| #define PACKAGE_NAME "cmockery2"
| #define PACKAGE_TARNAME "cmockery2"
| #define PACKAGE_VERSION "1.3.9"
| #define PACKAGE_STRING "cmockery2 1.3.9"
| #define PACKAGE_BUGREPORT "lpabon@redhat.com"
| #define PACKAGE_URL ""
| #define PACKAGE "cmockery2"
| #define VERSION "1.3.9"
| /* end confdefs.h.  */
| #include <ac_nonexistent.h>
configure:4100: result: gcc -E
configure:4120: gcc -E  conftest.c
configure:4120: $? = 0
configure:4134: gcc -E  conftest.c
conftest.c:11:28: fatal error: ac_nonexistent.h: No such file or directory
 #include <ac_nonexistent.h>
                            ^
compilation terminated.
configure:4134: $? = 1
configure: failed program was:
| /* confdefs.h */
| #define PACKAGE_NAME "cmockery2"
| #define PACKAGE_TARNAME "cmockery2"
| #define PACKAGE_VERSION "1.3.9"
| #define PACKAGE_STRING "cmockery2 1.3.9"
| #define PACKAGE_BUGREPORT "lpabon@redhat.com"
| #define PACKAGE_URL ""
| #define PACKAGE "cmockery2"
| #define VERSION "1.3.9"
| /* end confdefs.h.  */
| #include <ac_nonexistent.h>
configure:4163: checking for grep that handles long lines and -e
configure:4221: result: /bin/grep
configure:4226: checking for egrep
configure:4288: result: /bin/grep -E
configure:4293: checking for ANSI C header files
configure:4313: gcc -c -g -O2  conftest.c >&5
configure:4313: $? = 0
configure:4386: gcc -o conftest -g -O2   conftest.c  >&5
configure:4386: $? = 0
configure:4386: ./conftest
configure:4386: $? = 0
configure:4397: result: yes
configure:4410: checking for sys/types.h
configure:4410: gcc -c -g -O2  conftest.c >&5
configure:4410: $? = 0
configure:4410: result: yes
configure:4410: checking for sys/stat.h
configure:4410: gcc -c -g -O2  conftest.c >&5
configure:4410: $? = 0
configure:4410: result: yes
configure:4410: checking for stdlib.h
configure:4410: gcc -c -g -O2  conftest.c >&5
configure:4410: $? = 0
configure:4410: result: yes
configure:4410: checking for string.h
configure:4410: gcc -c -g -O2  conftest.c >&5
configure:4410: $? = 0
configure:4410: result: yes
configure:4410: checking for memory.h
configure:4410: gcc -c -g -O2  conftest.c >&5
configure:4410: $? = 0
configure:4410: result: yes
configure:4410: checking for strings.h
configure:4410: gcc -c -g -O2  conftest.c >&5
configure:4410: $? = 0
configure:4410: result: yes
configure:4410: checking for inttypes.h
configure:4410: gcc -c -g -O2  conftest.c >&5
configure:4410: $? = 0
configure:4410: result: yes
configure:4410: checking for stdint.h
configure:4410: gcc -c -g -O2  conftest.c >&5
configure:4410: $? = 0
configure:4410: result: yes
configure:4410: checking for unistd.h
configure:4410: gcc -c -g -O2  conftest.c >&5
configure:4410: $? = 0
configure:4410: result: yes
configure:4423: checking minix/config.h usability
configure:4423: gcc -c -g -O2  conftest.c >&5
conftest.c:54:26: fatal error: minix/config.h: No such file or directory
 #include <minix/config.h>
                          ^
compilation terminated.
configure:4423: $? = 1
configure: failed program was:
| /* confdefs.h */
| #define PACKAGE_NAME "cmockery2"
| #define PACKAGE_TARNAME "cmockery2"
| #define PACKAGE_VERSION "1.3.9"
| #define PACKAGE_STRING "cmockery2 1.3.9"
| #define PACKAGE_BUGREPORT "lpabon@redhat.com"
| #define PACKAGE_URL ""
| #define PACKAGE "cmockery2"
| #define VERSION "1.3.9"
| #define STDC_HEADERS 1
| #define HAVE_SYS_TYPES_H 1
| #define HAVE_SYS_STAT_H 1
| #define HAVE_STDLIB_H 1
| #define HAVE_STRING_H 1
| #define HAVE_MEMORY_H 1
| #define HAVE_STRINGS_H 1
| #define HAVE_INTTYPES_H 1
| #define HAVE_STDINT_H 1
| #define HAVE_UNISTD_H 1
| /* end confdefs.h.  */
| #include <stdio.h>
| #ifdef HAVE_SYS_TYPES_H
| # include <sys/types.h>
| #endif
| #ifdef HAVE_SYS_STAT_H
| # include <sys/stat.h>
| #endif
| #ifdef STDC_HEADERS
| # include <stdlib.h>
| # include <stddef.h>
| #else
| # ifdef HAVE_STDLIB_H
| #  include <stdlib.h>
| # endif
| #endif
| #ifdef HAVE_STRING_H
| # if !defined STDC_HEADERS && defined HAVE_MEMORY_H
| #  include <memory.h>
| # endif
| # include <string.h>
| #endif
| #ifdef HAVE_STRINGS_H
| # include <strings.h>
| #endif
| #ifdef HAVE_INTTYPES_H
| # include <inttypes.h>
| #endif
| #ifdef HAVE_STDINT_H
| # include <stdint.h>
| #endif
| #ifdef HAVE_UNISTD_H
| # include <unistd.h>
| #endif
| #include <minix/config.h>
configure:4423: result: no
configure:4423: checking minix/config.h presence
configure:4423: gcc -E  conftest.c
conftest.c:21:26: fatal error: minix/config.h: No such file or directory
 #include <minix/config.h>
                          ^
compilation terminated.
configure:4423: $? = 1
configure: failed program was:
| /* confdefs.h */
| #define PACKAGE_NAME "cmockery2"
| #define PACKAGE_TARNAME "cmockery2"
| #define PACKAGE_VERSION "1.3.9"
| #define PACKAGE_STRING "cmockery2 1.3.9"
| #define PACKAGE_BUGREPORT "lpabon@redhat.com"
| #define PACKAGE_URL ""
| #define PACKAGE "cmockery2"
| #define VERSION "1.3.9"
| #define STDC_HEADERS 1
| #define HAVE_SYS_TYPES_H 1
| #define HAVE_SYS_STAT_H 1
| #define HAVE_STDLIB_H 1
| #define HAVE_STRING_H 1
| #define HAVE_MEMORY_H 1
| #define HAVE_STRINGS_H 1
| #define HAVE_INTTYPES_H 1
| #define HAVE_STDINT_H 1
| #define HAVE_UNISTD_H 1
| /* end confdefs.h.  */
| #include <minix/config.h>
configure:4423: result: no
configure:4423: checking for minix/config.h
configure:4423: result: no
configure:4444: checking whether it is safe to define __EXTENSIONS__
configure:4462: gcc -c -g -O2  conftest.c >&5
configure:4462: $? = 0
configure:4469: result: yes
configure:4537: checking for gcc
configure:4564: result: gcc
configure:4793: checking for C compiler version
configure:4802: gcc --version >&5
gcc (GCC) 4.8.2
Copyright (C) 2013 Free Software Foundation, Inc.
This is free software; see the source for copying conditions.  There is NO
warranty; not even for MERCHANTABILITY or FITNESS FOR A PARTICULAR PURPOSE.

configure:4813: $? = 0
configure:4802: gcc -v >&5
Using built-in specs.
COLLECT_GCC=gcc
COLLECT_LTO_WRAPPER=/usr/local/libexec/gcc/i686-pc-linux-gnu/4.8.2/lto-wrapper
Target: i686-pc-linux-gnu
Configured with: ../configure -enable-checking=release -enable-languages=c,c++ -disable-multilib
Thread model: posix
gcc version 4.8.2 (GCC) 
configure:4813: $? = 0
configure:4802: gcc -V >&5
gcc: error: unrecognized command line option '-V'
gcc: fatal error: no input files
compilation terminated.
configure:4813: $? = 1
configure:4802: gcc -qversion >&5
gcc: error: unrecognized command line option '-qversion'
gcc: fatal error: no input files
compilation terminated.
configure:4813: $? = 1
configure:4817: checking whether we are using the GNU C compiler
configure:4845: result: yes
configure:4854: checking whether gcc accepts -g
configure:4915: result: yes
configure:4932: checking for gcc option to accept ISO C89
configure:5009: result: none needed
configure:5031: checking dependency style of gcc
configure:5121: result: gcc3
configure:5143: checking how to run the C preprocessor
configure:5213: result: gcc -E
configure:5233: gcc -E  conftest.c
configure:5233: $? = 0
configure:5247: gcc -E  conftest.c
conftest.c:26:28: fatal error: ac_nonexistent.h: No such file or directory
 #include <ac_nonexistent.h>
                            ^
compilation terminated.
configure:5247: $? = 1
configure: failed program was:
| /* confdefs.h */
| #define PACKAGE_NAME "cmockery2"
| #define PACKAGE_TARNAME "cmockery2"
| #define PACKAGE_VERSION "1.3.9"
| #define PACKAGE_STRING "cmockery2 1.3.9"
| #define PACKAGE_BUGREPORT "lpabon@redhat.com"
| #define PACKAGE_URL ""
| #define PACKAGE "cmockery2"
| #define VERSION "1.3.9"
| #define STDC_HEADERS 1
| #define HAVE_SYS_TYPES_H 1
| #define HAVE_SYS_STAT_H 1
| #define HAVE_STDLIB_H 1
| #define HAVE_STRING_H 1
| #define HAVE_MEMORY_H 1
| #define HAVE_STRINGS_H 1
| #define HAVE_INTTYPES_H 1
| #define HAVE_STDINT_H 1
| #define HAVE_UNISTD_H 1
| #define __EXTENSIONS__ 1
| #define _ALL_SOURCE 1
| #define _GNU_SOURCE 1
| #define _POSIX_PTHREAD_SEMANTICS 1
| #define _TANDEM_SOURCE 1
| /* end confdefs.h.  */
| #include <ac_nonexistent.h>
configure:5333: checking for g++
configure:5349: found /usr/local/bin/g++
configure:5360: result: g++
configure:5387: checking for C++ compiler version
configure:5396: g++ --version >&5
g++ (GCC) 4.8.2
Copyright (C) 2013 Free Software Foundation, Inc.
This is free software; see the source for copying conditions.  There is NO
warranty; not even for MERCHANTABILITY or FITNESS FOR A PARTICULAR PURPOSE.

configure:5407: $? = 0
configure:5396: g++ -v >&5
Using built-in specs.
COLLECT_GCC=g++
COLLECT_LTO_WRAPPER=/usr/local/libexec/gcc/i686-pc-linux-gnu/4.8.2/lto-wrapper
Target: i686-pc-linux-gnu
Configured with: ../configure -enable-checking=release -enable-languages=c,c++ -disable-multilib
Thread model: posix
gcc version 4.8.2 (GCC) 
configure:5407: $? = 0
configure:5396: g++ -V >&5
g++: error: unrecognized command line option '-V'
g++: fatal error: no input files
compilation terminated.
configure:5407: $? = 1
configure:5396: g++ -qversion >&5
g++: error: unrecognized command line option '-qversion'
g++: fatal error: no input files
compilation terminated.
configure:5407: $? = 1
configure:5411: checking whether we are using the GNU C++ compiler
configure:5430: g++ -c   conftest.cpp >&5
configure:5430: $? = 0
configure:5439: result: yes
configure:5448: checking whether g++ accepts -g
configure:5468: g++ -c -g  conftest.cpp >&5
configure:5468: $? = 0
configure:5509: result: yes
configure:5534: checking dependency style of g++
configure:5624: result: gcc3
configure:5643: checking if compiling with clang
configure:5660: gcc -c -g -O2  conftest.c >&5
conftest.c: In function 'main':
conftest.c:32:8: error: unknown type name 'not'
        not clang
        ^
configure:5660: $? = 1
configure: failed program was:
| /* confdefs.h */
| #define PACKAGE_NAME "cmockery2"
| #define PACKAGE_TARNAME "cmockery2"
| #define PACKAGE_VERSION "1.3.9"
| #define PACKAGE_STRING "cmockery2 1.3.9"
| #define PACKAGE_BUGREPORT "lpabon@redhat.com"
| #define PACKAGE_URL ""
| #define PACKAGE "cmockery2"
| #define VERSION "1.3.9"
| #define STDC_HEADERS 1
| #define HAVE_SYS_TYPES_H 1
| #define HAVE_SYS_STAT_H 1
| #define HAVE_STDLIB_H 1
| #define HAVE_STRING_H 1
| #define HAVE_MEMORY_H 1
| #define HAVE_STRINGS_H 1
| #define HAVE_INTTYPES_H 1
| #define HAVE_STDINT_H 1
| #define HAVE_UNISTD_H 1
| #define __EXTENSIONS__ 1
| #define _ALL_SOURCE 1
| #define _GNU_SOURCE 1
| #define _POSIX_PTHREAD_SEMANTICS 1
| #define _TANDEM_SOURCE 1
| /* end confdefs.h.  */
| 
| int
| main ()
| {
| 
| #ifndef __clang__
|        not clang
| #endif
| 
|   ;
|   return 0;
| }
configure:5666: result: no
configure:5804: checking build system type
configure:5818: result: i686-pc-linux-gnu
configure:5838: checking host system type
configure:5851: result: i686-pc-linux-gnu
configure:5871: checking for a sed that does not truncate output
configure:5927: result: /bin/sed
configure:5941: checking for ld used by gcc
configure:6008: result: /usr/bin/ld
configure:6015: checking if the linker (/usr/bin/ld) is GNU ld
configure:6030: result: yes
configure:6035: checking for /usr/bin/ld option to reload object files
configure:6042: result: -r
configure:6060: checking for BSD-compatible nm
configure:6109: result: /usr/bin/nm -B
configure:6113: checking whether ln -s works
configure:6117: result: yes
configure:6124: checking how to recognise dependent libraries
configure:6300: result: pass_all
configure:6505: checking dlfcn.h usability
configure:6505: gcc -c  -g -O2  conftest.c >&5
configure:6505: $? = 0
configure:6505: result: yes
configure:6505: checking dlfcn.h presence
configure:6505: gcc -E  conftest.c
configure:6505: $? = 0
configure:6505: result: yes
configure:6505: checking for dlfcn.h
configure:6505: result: yes
configure:6525: checking how to run the C++ preprocessor
configure:6552: g++ -E  conftest.cpp
configure:6552: $? = 0
configure:6566: g++ -E  conftest.cpp
conftest.cpp:27:28: fatal error: ac_nonexistent.h: No such file or directory
 #include <ac_nonexistent.h>
                            ^
compilation terminated.
configure:6566: $? = 1
configure: failed program was:
| /* confdefs.h */
| #define PACKAGE_NAME "cmockery2"
| #define PACKAGE_TARNAME "cmockery2"
| #define PACKAGE_VERSION "1.3.9"
| #define PACKAGE_STRING "cmockery2 1.3.9"
| #define PACKAGE_BUGREPORT "lpabon@redhat.com"
| #define PACKAGE_URL ""
| #define PACKAGE "cmockery2"
| #define VERSION "1.3.9"
| #define STDC_HEADERS 1
| #define HAVE_SYS_TYPES_H 1
| #define HAVE_SYS_STAT_H 1
| #define HAVE_STDLIB_H 1
| #define HAVE_STRING_H 1
| #define HAVE_MEMORY_H 1
| #define HAVE_STRINGS_H 1
| #define HAVE_INTTYPES_H 1
| #define HAVE_STDINT_H 1
| #define HAVE_UNISTD_H 1
| #define __EXTENSIONS__ 1
| #define _ALL_SOURCE 1
| #define _GNU_SOURCE 1
| #define _POSIX_PTHREAD_SEMANTICS 1
| #define _TANDEM_SOURCE 1
| #define HAVE_DLFCN_H 1
| /* end confdefs.h.  */
| #include <ac_nonexistent.h>
configure:6591: result: g++ -E
configure:6611: g++ -E  conftest.cpp
configure:6611: $? = 0
configure:6625: g++ -E  conftest.cpp
conftest.cpp:27:28: fatal error: ac_nonexistent.h: No such file or directory
 #include <ac_nonexistent.h>
                            ^
compilation terminated.
configure:6625: $? = 1
configure: failed program was:
| /* confdefs.h */
| #define PACKAGE_NAME "cmockery2"
| #define PACKAGE_TARNAME "cmockery2"
| #define PACKAGE_VERSION "1.3.9"
| #define PACKAGE_STRING "cmockery2 1.3.9"
| #define PACKAGE_BUGREPORT "lpabon@redhat.com"
| #define PACKAGE_URL ""
| #define PACKAGE "cmockery2"
| #define VERSION "1.3.9"
| #define STDC_HEADERS 1
| #define HAVE_SYS_TYPES_H 1
| #define HAVE_SYS_STAT_H 1
| #define HAVE_STDLIB_H 1
| #define HAVE_STRING_H 1
| #define HAVE_MEMORY_H 1
| #define HAVE_STRINGS_H 1
| #define HAVE_INTTYPES_H 1
| #define HAVE_STDINT_H 1
| #define HAVE_UNISTD_H 1
| #define __EXTENSIONS__ 1
| #define _ALL_SOURCE 1
| #define _GNU_SOURCE 1
| #define _POSIX_PTHREAD_SEMANTICS 1
| #define _TANDEM_SOURCE 1
| #define HAVE_DLFCN_H 1
| /* end confdefs.h.  */
| #include <ac_nonexistent.h>
configure:6709: checking for g77
configure:6739: result: no
configure:6709: checking for xlf
configure:6739: result: no
configure:6709: checking for f77
configure:6739: result: no
configure:6709: checking for frt
configure:6739: result: no
configure:6709: checking for pgf77
configure:6739: result: no
configure:6709: checking for cf77
configure:6739: result: no
configure:6709: checking for fort77
configure:6739: result: no
configure:6709: checking for fl32
configure:6739: result: no
configure:6709: checking for af77
configure:6739: result: no
configure:6709: checking for xlf90
configure:6739: result: no
configure:6709: checking for f90
configure:6739: result: no
configure:6709: checking for pgf90
configure:6739: result: no
configure:6709: checking for pghpf
configure:6739: result: no
configure:6709: checking for epcf90
configure:6739: result: no
configure:6709: checking for gfortran
configure:6725: found /usr/bin/gfortran
configure:6736: result: gfortran
configure:6762: checking for Fortran 77 compiler version
configure:6771: gfortran --version >&5
GNU Fortran (GCC) 4.1.2 20080704 (Red Hat 4.1.2-55)
Copyright (C) 2007 Free Software Foundation, Inc.

GNU Fortran comes with NO WARRANTY, to the extent permitted by law.
You may redistribute copies of GNU Fortran
under the terms of the GNU General Public License.
For more information about these matters, see the file named COPYING

configure:6782: $? = 0
configure:6771: gfortran -v >&5
Using built-in specs.
Target: i386-redhat-linux
Configured with: ../configure --prefix=/usr --mandir=/usr/share/man --infodir=/usr/share/info --enable-shared --enable-threads=posix --enable-checking=release --with-system-zlib --enable-__cxa_atexit --disable-libunwind-exceptions --enable-libgcj-multifile --enable-languages=c,c++,objc,obj-c++,java,fortran,ada --enable-java-awt=gtk --disable-dssi --disable-plugin --with-java-home=/usr/lib/jvm/java-1.4.2-gcj-1.4.2.0/jre --with-cpu=generic --host=i386-redhat-linux
Thread model: posix
gcc version 4.1.2 20080704 (Red Hat 4.1.2-55)
configure:6782: $? = 0
configure:6771: gfortran -V >&5
gfortran: '-V' option must have argument
configure:6782: $? = 1
configure:6771: gfortran -qversion >&5
gfortran: unrecognized option '-qversion'
gfortran: no input files
configure:6782: $? = 1
configure:6791: checking whether we are using the GNU Fortran 77 compiler
configure:6804: gfortran -c  conftest.F >&5
configure:6804: $? = 0
configure:6813: result: yes
configure:6819: checking whether gfortran accepts -g
configure:6830: gfortran -c -g conftest.f >&5
configure:6830: $? = 0
configure:6838: result: yes
configure:6872: checking the maximum length of command line arguments
configure:6981: result: 32768
configure:6992: checking command to parse /usr/bin/nm -B output from gcc object
configure:7097: gcc -c  -g -O2  conftest.c >&5
configure:7100: $? = 0
configure:7104: /usr/bin/nm -B conftest.o \| sed -n -e 's/^.*[ 	]\([ABCDGIRSTW][ABCDGIRSTW]*\)[ 	][ 	]*\([_A-Za-z][_A-Za-z0-9]*\)$/\1 \2 \2/p' \> conftest.nm
configure:7107: $? = 0
configure:7159: gcc -o conftest  -g -O2   conftest.c conftstm.o >&5
configure:7162: $? = 0
configure:7200: result: ok
configure:7204: checking for objdir
configure:7219: result: .libs
configure:7311: checking for ar
configure:7327: found /usr/bin/ar
configure:7338: result: ar
configure:7403: checking for ranlib
configure:7419: found /usr/bin/ranlib
configure:7430: result: ranlib
configure:7495: checking for strip
configure:7511: found /usr/bin/strip
configure:7522: result: strip
configure:7804: checking if gcc supports -fno-rtti -fno-exceptions
configure:7822: gcc -c  -g -O2  -fno-rtti -fno-exceptions conftest.c >&5
cc1: warning: command line option '-fno-rtti' is valid for C++/ObjC++ but not for C [enabled by default]
configure:7826: $? = 0
configure:7839: result: no
configure:7854: checking for gcc option to produce PIC
configure:8064: result: -fPIC
configure:8072: checking if gcc PIC flag -fPIC works
configure:8090: gcc -c  -g -O2  -fPIC -DPIC conftest.c >&5
configure:8094: $? = 0
configure:8107: result: yes
configure:8135: checking if gcc static flag -static works
configure:8163: result: yes
configure:8173: checking if gcc supports -c -o file.o
configure:8194: gcc -c  -g -O2  -o out/conftest2.o conftest.c >&5
configure:8198: $? = 0
configure:8220: result: yes
configure:8246: checking whether the gcc linker (/usr/bin/ld) supports shared libraries
configure:9146: result: yes
configure:9167: checking whether -lc should be explicitly linked in
configure:9172: gcc -c  -g -O2  conftest.c >&5
configure:9175: $? = 0
configure:9190: gcc -shared conftest.o  -v -Wl,-soname -Wl,conftest -o conftest 2\>\&1 \| grep  -lc  \>/dev/null 2\>\&1
configure:9193: $? = 0
configure:9205: result: no
configure:9213: checking dynamic linker characteristics
configure:9822: result: GNU/Linux ld.so
configure:9831: checking how to hardcode library paths into programs
configure:9856: result: immediate
configure:9870: checking whether stripping libraries is possible
configure:9875: result: yes
configure:10391: checking if libtool supports shared libraries
configure:10393: result: yes
configure:10396: checking whether to build shared libraries
configure:10417: result: yes
configure:10420: checking whether to build static libraries
configure:10424: result: yes
configure:10516: creating libtool
configure:11103: checking for ld used by g++
configure:11170: result: /usr/bin/ld
configure:11177: checking if the linker (/usr/bin/ld) is GNU ld
configure:11192: result: yes
configure:11243: checking whether the g++ linker (/usr/bin/ld) supports shared libraries
configure:12123: result: yes
configure:12141: g++ -c -g -O2  conftest.cpp >&5
configure:12144: $? = 0
configure:12263: checking for g++ option to produce PIC
configure:12537: result: -fPIC
configure:12545: checking if g++ PIC flag -fPIC works
configure:12563: g++ -c -g -O2  -fPIC -DPIC conftest.cpp >&5
configure:12567: $? = 0
configure:12580: result: yes
configure:12608: checking if g++ static flag -static works
configure:12636: result: yes
configure:12646: checking if g++ supports -c -o file.o
configure:12667: g++ -c -g -O2  -o out/conftest2.o conftest.cpp >&5
configure:12671: $? = 0
configure:12693: result: yes
configure:12719: checking whether the g++ linker (/usr/bin/ld) supports shared libraries
configure:12744: result: yes
configure:12811: checking dynamic linker characteristics
configure:13420: result: GNU/Linux ld.so
configure:13429: checking how to hardcode library paths into programs
configure:13454: result: immediate
configure:13983: checking if libtool supports shared libraries
configure:13985: result: yes
configure:13988: checking whether to build shared libraries
configure:14008: result: yes
configure:14011: checking whether to build static libraries
configure:14015: result: yes
configure:14025: checking for gfortran option to produce PIC
configure:14235: result: -fPIC
configure:14243: checking if gfortran PIC flag -fPIC works
configure:14261: gfortran -c -g -O2 -fPIC conftest.f >&5
configure:14265: $? = 0
configure:14278: result: yes
configure:14306: checking if gfortran static flag -static works
configure:14334: result: yes
configure:14344: checking if gfortran supports -c -o file.o
configure:14365: gfortran -c -g -O2 -o out/conftest2.o conftest.f >&5
configure:14369: $? = 0
configure:14391: result: yes
configure:14417: checking whether the gfortran linker (/usr/bin/ld) supports shared libraries
configure:15305: result: yes
configure:15372: checking dynamic linker characteristics
configure:15981: result: GNU/Linux ld.so
configure:15990: checking how to hardcode library paths into programs
configure:16015: result: immediate
configure:19547: checking for ANSI C header files
configure:19651: result: yes
configure:19662: checking whether gcc and cc understand -c and -o together
configure:19693: gcc -c conftest.c -o conftest2.o >&5
configure:19697: $? = 0
configure:19703: gcc -c conftest.c -o conftest2.o >&5
configure:19707: $? = 0
configure:19718: cc -c conftest.c >&5
configure:19722: $? = 0
configure:19730: cc -c conftest.c -o conftest2.o >&5
configure:19734: $? = 0
configure:19740: cc -c conftest.c -o conftest2.o >&5
configure:19744: $? = 0
configure:19762: result: yes
configure:19791: checking for setjmp
configure:19791: gcc -o conftest  -g -O2   conftest.c  >&5
configure:19791: $? = 0
configure:19791: result: yes
configure:19802: checking for longjmp
configure:19802: gcc -o conftest  -g -O2   conftest.c  >&5
configure:19802: $? = 0
configure:19802: result: yes
configure:19813: checking for strcmp
configure:19813: gcc -o conftest  -g -O2   conftest.c  >&5
conftest.c:53:6: warning: conflicting types for built-in function 'strcmp' [enabled by default]
 char strcmp ();
      ^
configure:19813: $? = 0
configure:19813: result: yes
configure:19824: checking for strcpy
configure:19824: gcc -o conftest  -g -O2   conftest.c  >&5
conftest.c:54:6: warning: conflicting types for built-in function 'strcpy' [enabled by default]
 char strcpy ();
      ^
configure:19824: $? = 0
configure:19824: result: yes
configure:19835: checking for memcpy
configure:19835: gcc -o conftest  -g -O2   conftest.c  >&5
conftest.c:55:6: warning: conflicting types for built-in function 'memcpy' [enabled by default]
 char memcpy ();
      ^
configure:19835: $? = 0
configure:19835: result: yes
configure:19846: checking for memset
configure:19846: gcc -o conftest  -g -O2   conftest.c  >&5
conftest.c:56:6: warning: conflicting types for built-in function 'memset' [enabled by default]
 char memset ();
      ^
configure:19846: $? = 0
configure:19846: result: yes
configure:19857: checking for malloc
configure:19857: gcc -o conftest  -g -O2   conftest.c  >&5
conftest.c:57:6: warning: conflicting types for built-in function 'malloc' [enabled by default]
 char malloc ();
      ^
configure:19857: $? = 0
configure:19857: result: yes
configure:19868: checking for calloc
configure:19868: gcc -o conftest  -g -O2   conftest.c  >&5
conftest.c:58:6: warning: conflicting types for built-in function 'calloc' [enabled by default]
 char calloc ();
      ^
configure:19868: $? = 0
configure:19868: result: yes
configure:19879: checking for free
configure:19879: gcc -o conftest  -g -O2   conftest.c  >&5
conftest.c:59:6: warning: conflicting types for built-in function 'free' [enabled by default]
 char free ();
      ^
configure:19879: $? = 0
configure:19879: result: yes
configure:19890: checking for exit
configure:19890: gcc -o conftest  -g -O2   conftest.c  >&5
conftest.c:60:6: warning: conflicting types for built-in function 'exit' [enabled by default]
 char exit ();
      ^
configure:19890: $? = 0
configure:19890: result: yes
configure:19901: checking for signal
configure:19901: gcc -o conftest  -g -O2   conftest.c  >&5
configure:19901: $? = 0
configure:19901: result: yes
configure:19912: checking for printf
configure:19912: gcc -o conftest  -g -O2   conftest.c  >&5
conftest.c:62:6: warning: conflicting types for built-in function 'printf' [enabled by default]
 char printf ();
      ^
configure:19912: $? = 0
configure:19912: result: yes
configure:19923: checking for fprintf
configure:19923: gcc -o conftest  -g -O2   conftest.c  >&5
conftest.c:63:6: warning: conflicting types for built-in function 'fprintf' [enabled by default]
 char fprintf ();
      ^
configure:19923: $? = 0
configure:19923: result: yes
configure:19934: checking for snprintf
configure:19934: gcc -o conftest  -g -O2   conftest.c  >&5
conftest.c:64:6: warning: conflicting types for built-in function 'snprintf' [enabled by default]
 char snprintf ();
      ^
configure:19934: $? = 0
configure:19934: result: yes
configure:19945: checking for vsnprintf
configure:19945: gcc -o conftest  -g -O2   conftest.c  >&5
conftest.c:65:6: warning: conflicting types for built-in function 'vsnprintf' [enabled by default]
 char vsnprintf ();
      ^
configure:19945: $? = 0
configure:19945: result: yes
configure:19956: checking for gettimeofday
configure:19956: gcc -o conftest  -g -O2   conftest.c  >&5
configure:19956: $? = 0
configure:19956: result: yes
configure:19967: checking for strsignal
configure:19967: gcc -o conftest  -g -O2   conftest.c  >&5
configure:19967: $? = 0
configure:19967: result: yes
configure:19978: checking assert.h usability
configure:19978: gcc -c  -g -O2  conftest.c >&5
configure:19978: $? = 0
configure:19978: result: yes
configure:19978: checking assert.h presence
configure:19978: gcc -E  conftest.c
configure:19978: $? = 0
configure:19978: result: yes
configure:19978: checking for assert.h
configure:19978: result: yes
configure:19990: checking malloc.h usability
configure:19990: gcc -c  -g -O2  conftest.c >&5
configure:19990: $? = 0
configure:19990: result: yes
configure:19990: checking malloc.h presence
configure:19990: gcc -E  conftest.c
configure:19990: $? = 0
configure:19990: result: yes
configure:19990: checking for malloc.h
configure:19990: result: yes
configure:20002: checking setjmp.h usability
configure:20002: gcc -c  -g -O2  conftest.c >&5
configure:20002: $? = 0
configure:20002: result: yes
configure:20002: checking setjmp.h presence
configure:20002: gcc -E  conftest.c
configure:20002: $? = 0
configure:20002: result: yes
configure:20002: checking for setjmp.h
configure:20002: result: yes
configure:20014: checking stdarg.h usability
configure:20014: gcc -c  -g -O2  conftest.c >&5
configure:20014: $? = 0
configure:20014: result: yes
configure:20014: checking stdarg.h presence
configure:20014: gcc -E  conftest.c
configure:20014: $? = 0
configure:20014: result: yes
configure:20014: checking for stdarg.h
configure:20014: result: yes
configure:20026: checking stddef.h usability
configure:20026: gcc -c  -g -O2  conftest.c >&5
configure:20026: $? = 0
configure:20026: result: yes
configure:20026: checking stddef.h presence
configure:20026: gcc -E  conftest.c
configure:20026: $? = 0
configure:20026: result: yes
configure:20026: checking for stddef.h
configure:20026: result: yes
configure:20038: checking stdio.h usability
configure:20038: gcc -c  -g -O2  conftest.c >&5
configure:20038: $? = 0
configure:20038: result: yes
configure:20038: checking stdio.h presence
configure:20038: gcc -E  conftest.c
configure:20038: $? = 0
configure:20038: result: yes
configure:20038: checking for stdio.h
configure:20038: result: yes
configure:20050: checking for stdlib.h
configure:20050: result: yes
configure:20062: checking for string.h
configure:20062: result: yes
configure:20074: checking signal.h usability
configure:20074: gcc -c  -g -O2  conftest.c >&5
configure:20074: $? = 0
configure:20074: result: yes
configure:20074: checking signal.h presence
configure:20074: gcc -E  conftest.c
configure:20074: $? = 0
configure:20074: result: yes
configure:20074: checking for signal.h
configure:20074: result: yes
configure:20086: checking for inttypes.h
configure:20086: result: yes
configure:20098: checking for stdint.h
configure:20098: result: yes
configure:20110: checking sys/time.h usability
configure:20110: gcc -c  -g -O2  conftest.c >&5
configure:20110: $? = 0
configure:20110: result: yes
configure:20110: checking sys/time.h presence
configure:20110: gcc -E  conftest.c
configure:20110: $? = 0
configure:20110: result: yes
configure:20110: checking for sys/time.h
configure:20110: result: yes
configure:20120: checking for unsigned long long
configure:20120: gcc -c  -g -O2  conftest.c >&5
configure:20120: $? = 0
configure:20120: gcc -c  -g -O2  conftest.c >&5
conftest.c: In function 'main':
conftest.c:93:33: error: expected expression before ')' token
 if (sizeof ((unsigned long long)))
                                 ^
configure:20120: $? = 1
configure: failed program was:
| /* confdefs.h */
| #define PACKAGE_NAME "cmockery2"
| #define PACKAGE_TARNAME "cmockery2"
| #define PACKAGE_VERSION "1.3.9"
| #define PACKAGE_STRING "cmockery2 1.3.9"
| #define PACKAGE_BUGREPORT "lpabon@redhat.com"
| #define PACKAGE_URL ""
| #define PACKAGE "cmockery2"
| #define VERSION "1.3.9"
| #define STDC_HEADERS 1
| #define HAVE_SYS_TYPES_H 1
| #define HAVE_SYS_STAT_H 1
| #define HAVE_STDLIB_H 1
| #define HAVE_STRING_H 1
| #define HAVE_MEMORY_H 1
| #define HAVE_STRINGS_H 1
| #define HAVE_INTTYPES_H 1
| #define HAVE_STDINT_H 1
| #define HAVE_UNISTD_H 1
| #define __EXTENSIONS__ 1
| #define _ALL_SOURCE 1
| #define _GNU_SOURCE 1
| #define _POSIX_PTHREAD_SEMANTICS 1
| #define _TANDEM_SOURCE 1
| #define HAVE_DLFCN_H 1
| #define STDC_HEADERS 1
| #define HAVE_SETJMP 1
| #define HAVE_LONGJMP 1
| #define HAVE_STRCMP 1
| #define HAVE_STRCPY 1
| #define HAVE_MEMCPY 1
| #define HAVE_MEMSET 1
| #define HAVE_MALLOC 1
| #define HAVE_CALLOC 1
| #define HAVE_FREE 1
| #define HAVE_EXIT 1
| #define HAVE_SIGNAL 1
| #define HAVE_PRINTF 1
| #define HAVE_FPRINTF 1
| #define HAVE_SNPRINTF 1
| #define HAVE_VSNPRINTF 1
| #define HAVE_GETTIMEOFDAY 1
| #define HAVE_STRSIGNAL 1
| #define HAVE_ASSERT_H 1
| #define HAVE_MALLOC_H 1
| #define HAVE_SETJMP_H 1
| #define HAVE_STDARG_H 1
| #define HAVE_STDDEF_H 1
| #define HAVE_STDIO_H 1
| #define HAVE_STDLIB_H 1
| #define HAVE_STRING_H 1
| #define HAVE_SIGNAL_H 1
| #define HAVE_INTTYPES_H 1
| #define HAVE_STDINT_H 1
| #define HAVE_SYS_TIME_H 1
| /* end confdefs.h.  */
| #include <stdio.h>
| #ifdef HAVE_SYS_TYPES_H
| # include <sys/types.h>
| #endif
| #ifdef HAVE_SYS_STAT_H
| # include <sys/stat.h>
| #endif
| #ifdef STDC_HEADERS
| # include <stdlib.h>
| # include <stddef.h>
| #else
| # ifdef HAVE_STDLIB_H
| #  include <stdlib.h>
| # endif
| #endif
| #ifdef HAVE_STRING_H
| # if !defined STDC_HEADERS && defined HAVE_MEMORY_H
| #  include <memory.h>
| # endif
| # include <string.h>
| #endif
| #ifdef HAVE_STRINGS_H
| # include <strings.h>
| #endif
| #ifdef HAVE_INTTYPES_H
| # include <inttypes.h>
| #endif
| #ifdef HAVE_STDINT_H
| # include <stdint.h>
| #endif
| #ifdef HAVE_UNISTD_H
| # include <unistd.h>
| #endif
| int
| main ()
| {
| if (sizeof ((unsigned long long)))
| 	    return 0;
|   ;
|   return 0;
| }
configure:20120: result: yes
configure:20129: checking for uintmax_t
configure:20129: gcc -c  -g -O2  conftest.c >&5
configure:20129: $? = 0
configure:20129: gcc -c  -g -O2  conftest.c >&5
conftest.c: In function 'main':
conftest.c:94:24: error: expected expression before ')' token
 if (sizeof ((uintmax_t)))
                        ^
configure:20129: $? = 1
configure: failed program was:
| /* confdefs.h */
| #define PACKAGE_NAME "cmockery2"
| #define PACKAGE_TARNAME "cmockery2"
| #define PACKAGE_VERSION "1.3.9"
| #define PACKAGE_STRING "cmockery2 1.3.9"
| #define PACKAGE_BUGREPORT "lpabon@redhat.com"
| #define PACKAGE_URL ""
| #define PACKAGE "cmockery2"
| #define VERSION "1.3.9"
| #define STDC_HEADERS 1
| #define HAVE_SYS_TYPES_H 1
| #define HAVE_SYS_STAT_H 1
| #define HAVE_STDLIB_H 1
| #define HAVE_STRING_H 1
| #define HAVE_MEMORY_H 1
| #define HAVE_STRINGS_H 1
| #define HAVE_INTTYPES_H 1
| #define HAVE_STDINT_H 1
| #define HAVE_UNISTD_H 1
| #define __EXTENSIONS__ 1
| #define _ALL_SOURCE 1
| #define _GNU_SOURCE 1
| #define _POSIX_PTHREAD_SEMANTICS 1
| #define _TANDEM_SOURCE 1
| #define HAVE_DLFCN_H 1
| #define STDC_HEADERS 1
| #define HAVE_SETJMP 1
| #define HAVE_LONGJMP 1
| #define HAVE_STRCMP 1
| #define HAVE_STRCPY 1
| #define HAVE_MEMCPY 1
| #define HAVE_MEMSET 1
| #define HAVE_MALLOC 1
| #define HAVE_CALLOC 1
| #define HAVE_FREE 1
| #define HAVE_EXIT 1
| #define HAVE_SIGNAL 1
| #define HAVE_PRINTF 1
| #define HAVE_FPRINTF 1
| #define HAVE_SNPRINTF 1
| #define HAVE_VSNPRINTF 1
| #define HAVE_GETTIMEOFDAY 1
| #define HAVE_STRSIGNAL 1
| #define HAVE_ASSERT_H 1
| #define HAVE_MALLOC_H 1
| #define HAVE_SETJMP_H 1
| #define HAVE_STDARG_H 1
| #define HAVE_STDDEF_H 1
| #define HAVE_STDIO_H 1
| #define HAVE_STDLIB_H 1
| #define HAVE_STRING_H 1
| #define HAVE_SIGNAL_H 1
| #define HAVE_INTTYPES_H 1
| #define HAVE_STDINT_H 1
| #define HAVE_SYS_TIME_H 1
| #define HAVE_UNSIGNED_LONG_LONG 1
| /* end confdefs.h.  */
| #include <stdio.h>
| #ifdef HAVE_SYS_TYPES_H
| # include <sys/types.h>
| #endif
| #ifdef HAVE_SYS_STAT_H
| # include <sys/stat.h>
| #endif
| #ifdef STDC_HEADERS
| # include <stdlib.h>
| # include <stddef.h>
| #else
| # ifdef HAVE_STDLIB_H
| #  include <stdlib.h>
| # endif
| #endif
| #ifdef HAVE_STRING_H
| # if !defined STDC_HEADERS && defined HAVE_MEMORY_H
| #  include <memory.h>
| # endif
| # include <string.h>
| #endif
| #ifdef HAVE_STRINGS_H
| # include <strings.h>
| #endif
| #ifdef HAVE_INTTYPES_H
| # include <inttypes.h>
| #endif
| #ifdef HAVE_STDINT_H
| # include <stdint.h>
| #endif
| #ifdef HAVE_UNISTD_H
| # include <unistd.h>
| #endif
| int
| main ()
| {
| if (sizeof ((uintmax_t)))
| 	    return 0;
|   ;
|   return 0;
| }
configure:20129: result: yes
configure:20138: checking for uintptr_t
configure:20138: gcc -c  -g -O2  conftest.c >&5
configure:20138: $? = 0
configure:20138: gcc -c  -g -O2  conftest.c >&5
conftest.c: In function 'main':
conftest.c:95:24: error: expected expression before ')' token
 if (sizeof ((uintptr_t)))
                        ^
configure:20138: $? = 1
configure: failed program was:
| /* confdefs.h */
| #define PACKAGE_NAME "cmockery2"
| #define PACKAGE_TARNAME "cmockery2"
| #define PACKAGE_VERSION "1.3.9"
| #define PACKAGE_STRING "cmockery2 1.3.9"
| #define PACKAGE_BUGREPORT "lpabon@redhat.com"
| #define PACKAGE_URL ""
| #define PACKAGE "cmockery2"
| #define VERSION "1.3.9"
| #define STDC_HEADERS 1
| #define HAVE_SYS_TYPES_H 1
| #define HAVE_SYS_STAT_H 1
| #define HAVE_STDLIB_H 1
| #define HAVE_STRING_H 1
| #define HAVE_MEMORY_H 1
| #define HAVE_STRINGS_H 1
| #define HAVE_INTTYPES_H 1
| #define HAVE_STDINT_H 1
| #define HAVE_UNISTD_H 1
| #define __EXTENSIONS__ 1
| #define _ALL_SOURCE 1
| #define _GNU_SOURCE 1
| #define _POSIX_PTHREAD_SEMANTICS 1
| #define _TANDEM_SOURCE 1
| #define HAVE_DLFCN_H 1
| #define STDC_HEADERS 1
| #define HAVE_SETJMP 1
| #define HAVE_LONGJMP 1
| #define HAVE_STRCMP 1
| #define HAVE_STRCPY 1
| #define HAVE_MEMCPY 1
| #define HAVE_MEMSET 1
| #define HAVE_MALLOC 1
| #define HAVE_CALLOC 1
| #define HAVE_FREE 1
| #define HAVE_EXIT 1
| #define HAVE_SIGNAL 1
| #define HAVE_PRINTF 1
| #define HAVE_FPRINTF 1
| #define HAVE_SNPRINTF 1
| #define HAVE_VSNPRINTF 1
| #define HAVE_GETTIMEOFDAY 1
| #define HAVE_STRSIGNAL 1
| #define HAVE_ASSERT_H 1
| #define HAVE_MALLOC_H 1
| #define HAVE_SETJMP_H 1
| #define HAVE_STDARG_H 1
| #define HAVE_STDDEF_H 1
| #define HAVE_STDIO_H 1
| #define HAVE_STDLIB_H 1
| #define HAVE_STRING_H 1
| #define HAVE_SIGNAL_H 1
| #define HAVE_INTTYPES_H 1
| #define HAVE_STDINT_H 1
| #define HAVE_SYS_TIME_H 1
| #define HAVE_UNSIGNED_LONG_LONG 1
| #define HAVE_UINTMAX_T 1
| /* end confdefs.h.  */
| #include <stdio.h>
| #ifdef HAVE_SYS_TYPES_H
| # include <sys/types.h>
| #endif
| #ifdef HAVE_SYS_STAT_H
| # include <sys/stat.h>
| #endif
| #ifdef STDC_HEADERS
| # include <stdlib.h>
| # include <stddef.h>
| #else
| # ifdef HAVE_STDLIB_H
| #  include <stdlib.h>
| # endif
| #endif
| #ifdef HAVE_STRING_H
| # if !defined STDC_HEADERS && defined HAVE_MEMORY_H
| #  include <memory.h>
| # endif
| # include <string.h>
| #endif
| #ifdef HAVE_STRINGS_H
| # include <strings.h>
| #endif
| #ifdef HAVE_INTTYPES_H
| # include <inttypes.h>
| #endif
| #ifdef HAVE_STDINT_H
| # include <stdint.h>
| #endif
| #ifdef HAVE_UNISTD_H
| # include <unistd.h>
| #endif
| int
| main ()
| {
| if (sizeof ((uintptr_t)))
| 	    return 0;
|   ;
|   return 0;
| }
configure:20138: result: yes
configure:20154: checking for pkg-config
configure:20170: found /usr/bin/pkg-config
configure:20181: result: yes
configure:20357: creating ./config.status

## ---------------------- ##
## Running config.status. ##
## ---------------------- ##

This file was extended by cmockery2 config.status 1.3.9, which was
generated by GNU Autoconf 2.68.  Invocation command line was

  CONFIG_FILES    = 
  CONFIG_HEADERS  = 
  CONFIG_LINKS    = 
  CONFIG_COMMANDS = 
  $ ./config.status 

on localhost.localdomain

config.status:928: creating cmockery2.pc
config.status:928: creating Makefile
config.status:928: creating src/cmockery/config.h
config.status:1150: executing depfiles commands

## ---------------- ##
## Cache variables. ##
## ---------------- ##

ac_cv_build=i686-pc-linux-gnu
ac_cv_c_compiler_gnu=yes
ac_cv_cxx_compiler_gnu=yes
ac_cv_env_CCC_set=
ac_cv_env_CCC_value=
ac_cv_env_CC_set=
ac_cv_env_CC_value=
ac_cv_env_CFLAGS_set=
ac_cv_env_CFLAGS_value=
ac_cv_env_CPPFLAGS_set=
ac_cv_env_CPPFLAGS_value=
ac_cv_env_CPP_set=
ac_cv_env_CPP_value=
ac_cv_env_CXXCPP_set=
ac_cv_env_CXXCPP_value=
ac_cv_env_CXXFLAGS_set=
ac_cv_env_CXXFLAGS_value=
ac_cv_env_CXX_set=
ac_cv_env_CXX_value=
ac_cv_env_F77_set=
ac_cv_env_F77_value=
ac_cv_env_FFLAGS_set=
ac_cv_env_FFLAGS_value=
ac_cv_env_LDFLAGS_set=
ac_cv_env_LDFLAGS_value=
ac_cv_env_LIBS_set=
ac_cv_env_LIBS_value=
ac_cv_env_build_alias_set=
ac_cv_env_build_alias_value=
ac_cv_env_host_alias_set=
ac_cv_env_host_alias_value=
ac_cv_env_target_alias_set=
ac_cv_env_target_alias_value=
ac_cv_f77_compiler_gnu=yes
ac_cv_func_calloc=yes
ac_cv_func_exit=yes
ac_cv_func_fprintf=yes
ac_cv_func_free=yes
ac_cv_func_gettimeofday=yes
ac_cv_func_longjmp=yes
ac_cv_func_malloc=yes
ac_cv_func_memcpy=yes
ac_cv_func_memset=yes
ac_cv_func_printf=yes
ac_cv_func_setjmp=yes
ac_cv_func_signal=yes
ac_cv_func_snprintf=yes
ac_cv_func_strcmp=yes
ac_cv_func_strcpy=yes
ac_cv_func_strsignal=yes
ac_cv_func_vsnprintf=yes
ac_cv_header_assert_h=yes
ac_cv_header_dlfcn_h=yes
ac_cv_header_inttypes_h=yes
ac_cv_header_malloc_h=yes
ac_cv_header_memory_h=yes
ac_cv_header_minix_config_h=no
ac_cv_header_setjmp_h=yes
ac_cv_header_signal_h=yes
ac_cv_header_stdarg_h=yes
ac_cv_header_stdc=yes
ac_cv_header_stddef_h=yes
ac_cv_header_stdint_h=yes
ac_cv_header_stdio_h=yes
ac_cv_header_stdlib_h=yes
ac_cv_header_string_h=yes
ac_cv_header_strings_h=yes
ac_cv_header_sys_stat_h=yes
ac_cv_header_sys_time_h=yes
ac_cv_header_sys_types_h=yes
ac_cv_header_unistd_h=yes
ac_cv_host=i686-pc-linux-gnu
ac_cv_objext=o
ac_cv_path_EGREP='/bin/grep -E'
ac_cv_path_GREP=/bin/grep
ac_cv_path_install='/usr/bin/install -c'
ac_cv_prog_AWK=gawk
ac_cv_prog_CPP='gcc -E'
ac_cv_prog_CXXCPP='g++ -E'
ac_cv_prog_PKG_CONFIG=yes
ac_cv_prog_ac_ct_AR=ar
ac_cv_prog_ac_ct_CC=gcc
ac_cv_prog_ac_ct_CXX=g++
ac_cv_prog_ac_ct_F77=gfortran
ac_cv_prog_ac_ct_RANLIB=ranlib
ac_cv_prog_ac_ct_STRIP=strip
ac_cv_prog_cc_c89=
ac_cv_prog_cc_g=yes
ac_cv_prog_cc_gcc_c_o=yes
ac_cv_prog_cxx_g=yes
ac_cv_prog_f77_g=yes
ac_cv_prog_make_make_set=yes
ac_cv_safe_to_define___extensions__=yes
ac_cv_type_uintmax_t=yes
ac_cv_type_uintptr_t=yes
ac_cv_type_unsigned_long_long=yes
am_cv_CC_dependencies_compiler_type=gcc3
am_cv_CXX_dependencies_compiler_type=gcc3
lt_cv_deplibs_check_method=pass_all
lt_cv_file_magic_cmd='$MAGIC_CMD'
lt_cv_file_magic_test_file=
lt_cv_ld_reload_flag=-r
lt_cv_objdir=.libs
lt_cv_path_LD=/usr/bin/ld
lt_cv_path_LDCXX=/usr/bin/ld
lt_cv_path_NM='/usr/bin/nm -B'
lt_cv_path_SED=/bin/sed
lt_cv_prog_compiler_c_o=yes
lt_cv_prog_compiler_c_o_CXX=yes
lt_cv_prog_compiler_c_o_F77=yes
lt_cv_prog_compiler_rtti_exceptions=no
lt_cv_prog_gnu_ld=yes
lt_cv_prog_gnu_ldcxx=yes
lt_cv_sys_global_symbol_pipe='sed -n -e '\''s/^.*[ 	]\([ABCDGIRSTW][ABCDGIRSTW]*\)[ 	][ 	]*\([_A-Za-z][_A-Za-z0-9]*\)$/\1 \2 \2/p'\'''
lt_cv_sys_global_symbol_to_c_name_address='sed -n -e '\''s/^: \([^ ]*\) $/  {\"\1\", (lt_ptr) 0},/p'\'' -e '\''s/^[BCDEGRST] \([^ ]*\) \([^ ]*\)$/  {"\2", (lt_ptr) \&\2},/p'\'''
lt_cv_sys_global_symbol_to_cdecl='sed -n -e '\''s/^. .* \(.*\)$/extern int \1;/p'\'''
lt_cv_sys_max_cmd_len=32768
lt_lt_cv_prog_compiler_c_o='"yes"'
lt_lt_cv_prog_compiler_c_o_CXX='"yes"'
lt_lt_cv_prog_compiler_c_o_F77='"yes"'
lt_lt_cv_sys_global_symbol_pipe='"sed -n -e '\''s/^.*[ 	]\\([ABCDGIRSTW][ABCDGIRSTW]*\\)[ 	][ 	]*\\([_A-Za-z][_A-Za-z0-9]*\\)\$/\\1 \\2 \\2/p'\''"'
lt_lt_cv_sys_global_symbol_to_c_name_address='"sed -n -e '\''s/^: \\([^ ]*\\) \$/  {\\\"\\1\\\", (lt_ptr) 0},/p'\'' -e '\''s/^[BCDEGRST] \\([^ ]*\\) \\([^ ]*\\)\$/  {\"\\2\", (lt_ptr) \\&\\2},/p'\''"'
lt_lt_cv_sys_global_symbol_to_cdecl='"sed -n -e '\''s/^. .* \\(.*\\)\$/extern int \\1;/p'\''"'

## ----------------- ##
## Output variables. ##
## ----------------- ##

ACLOCAL='${SHELL} /mysoftware/c_advanced/05_cmockery/missing --run aclocal-1.9'
AMDEPBACKSLASH='\'
AMDEP_FALSE='#'
AMDEP_TRUE=''
AMTAR='${SHELL} /mysoftware/c_advanced/05_cmockery/missing --run tar'
AR='ar'
AUTOCONF='${SHELL} /mysoftware/c_advanced/05_cmockery/missing --run autoconf'
AUTOHEADER='${SHELL} /mysoftware/c_advanced/05_cmockery/missing --run autoheader'
AUTOMAKE='${SHELL} /mysoftware/c_advanced/05_cmockery/missing --run automake-1.9'
AWK='gawk'
CC='gcc'
CCDEPMODE='depmode=gcc3'
CFLAGS=' -g -O2'
CLANG_FALSE=''
CLANG_TRUE='#'
CPP='gcc -E'
CPPFLAGS=''
CXX='g++'
CXXCPP='g++ -E'
CXXDEPMODE='depmode=gcc3'
CXXFLAGS='-g -O2'
CYGPATH_W='echo'
DEFS='-DHAVE_CONFIG_H'
DEPDIR='.deps'
ECHO='echo'
ECHO_C=''
ECHO_N='-n'
ECHO_T=''
EGREP='/bin/grep -E'
EXEEXT=''
F77='gfortran'
FFLAGS='-g -O2'
GCC_FALSE='#'
GCC_TRUE=''
GCOV_FALSE=''
GCOV_TRUE='#'
GREP='/bin/grep'
HAVE_PKG_CONFIG_FALSE='#'
HAVE_PKG_CONFIG_TRUE=''
INSTALL_DATA='${INSTALL} -m 644'
INSTALL_PROGRAM='${INSTALL}'
INSTALL_SCRIPT='${INSTALL}'
INSTALL_STRIP_PROGRAM='${SHELL} $(install_sh) -c -s'
LDFLAGS=''
LIBOBJS=''
LIBS=''
LIBTOOL='$(SHELL) $(top_builddir)/libtool'
LIBTOOL_DEPS='./ltmain.sh'
LN_S='ln -s'
LTLIBOBJS=''
MAKEINFO='${SHELL} /mysoftware/c_advanced/05_cmockery/missing --run makeinfo'
OBJEXT='o'
PACKAGE='cmockery2'
PACKAGE_BUGREPORT='lpabon@redhat.com'
PACKAGE_NAME='cmockery2'
PACKAGE_STRING='cmockery2 1.3.9'
PACKAGE_TARNAME='cmockery2'
PACKAGE_URL=''
PACKAGE_VERSION='1.3.9'
PATH_SEPARATOR=':'
PKG_CONFIG='yes'
RANLIB='ranlib'
SED='/bin/sed'
SET_MAKE=''
SHELL='/bin/sh'
STRIP='strip'
VERSION='1.3.9'
ac_ct_CC='gcc'
ac_ct_CXX='g++'
ac_ct_F77='gfortran'
am__fastdepCC_FALSE='#'
am__fastdepCC_TRUE=''
am__fastdepCXX_FALSE='#'
am__fastdepCXX_TRUE=''
am__include='include'
am__leading_dot='.'
am__quote=''
am__tar='${AMTAR} chof - "$$tardir"'
am__untar='${AMTAR} xf -'
bindir='${exec_prefix}/bin'
build='i686-pc-linux-gnu'
build_alias=''
build_cpu='i686'
build_os='linux-gnu'
build_vendor='pc'
datadir='${datarootdir}'
datarootdir='${prefix}/share'
docdir='${datarootdir}/doc/${PACKAGE_TARNAME}'
dvidir='${docdir}'
exec_prefix='${prefix}'
host='i686-pc-linux-gnu'
host_alias=''
host_cpu='i686'
host_os='linux-gnu'
host_vendor='pc'
htmldir='${docdir}'
includedir='${prefix}/include'
infodir='${datarootdir}/info'
install_sh='/mysoftware/c_advanced/05_cmockery/install-sh'
libdir='${exec_prefix}/lib'
libexecdir='${exec_prefix}/libexec'
localedir='${datarootdir}/locale'
localstatedir='${prefix}/var'
mandir='${datarootdir}/man'
mkdir_p='mkdir -p --'
oldincludedir='/usr/include'
pdfdir='${docdir}'
prefix='/usr'
program_transform_name='s,x,x,'
psdir='${docdir}'
sbindir='${exec_prefix}/sbin'
sharedstatedir='${prefix}/com'
sysconfdir='${prefix}/etc'
target_alias=''

## ----------- ##
## confdefs.h. ##
## ----------- ##

/* confdefs.h */
#define PACKAGE_NAME "cmockery2"
#define PACKAGE_TARNAME "cmockery2"
#define PACKAGE_VERSION "1.3.9"
#define PACKAGE_STRING "cmockery2 1.3.9"
#define PACKAGE_BUGREPORT "lpabon@redhat.com"
#define PACKAGE_URL ""
#define PACKAGE "cmockery2"
#define VERSION "1.3.9"
#define STDC_HEADERS 1
#define HAVE_SYS_TYPES_H 1
#define HAVE_SYS_STAT_H 1
#define HAVE_STDLIB_H 1
#define HAVE_STRING_H 1
#define HAVE_MEMORY_H 1
#define HAVE_STRINGS_H 1
#define HAVE_INTTYPES_H 1
#define HAVE_STDINT_H 1
#define HAVE_UNISTD_H 1
#define __EXTENSIONS__ 1
#define _ALL_SOURCE 1
#define _GNU_SOURCE 1
#define _POSIX_PTHREAD_SEMANTICS 1
#define _TANDEM_SOURCE 1
#define HAVE_DLFCN_H 1
#define STDC_HEADERS 1
#define HAVE_SETJMP 1
#define HAVE_LONGJMP 1
#define HAVE_STRCMP 1
#define HAVE_STRCPY 1
#define HAVE_MEMCPY 1
#define HAVE_MEMSET 1
#define HAVE_MALLOC 1
#define HAVE_CALLOC 1
#define HAVE_FREE 1
#define HAVE_EXIT 1
#define HAVE_SIGNAL 1
#define HAVE_PRINTF 1
#define HAVE_FPRINTF 1
#define HAVE_SNPRINTF 1
#define HAVE_VSNPRINTF 1
#define HAVE_GETTIMEOFDAY 1
#define HAVE_STRSIGNAL 1
#define HAVE_ASSERT_H 1
#define HAVE_MALLOC_H 1
#define HAVE_SETJMP_H 1
#define HAVE_STDARG_H 1
#define HAVE_STDDEF_H 1
#define HAVE_STDIO_H 1
#define HAVE_STDLIB_H 1
#define HAVE_STRING_H 1
#define HAVE_SIGNAL_H 1
#define HAVE_INTTYPES_H 1
#define HAVE_STDINT_H 1
#define HAVE_SYS_TIME_H 1
#define HAVE_UNSIGNED_LONG_LONG 1
#define HAVE_UINTMAX_T 1
#define HAVE_UINTPTR_T 1

configure: exit 0
